<?xml version="1.0" encoding="UTF-8"?>
<!-- Generated by org.testng.reporters.JUnitReportReporter -->
<testsuite hostname="RAHUL" failures="0" tests="1" name="TestNG_Script1.Script01" time="0.002" errors="0" timestamp="2025-08-02T11:13:23 IST" skipped="0">
  <testcase classname="TestNG_Script1.Script01" name="test1" time="0.002">
    <system-out>
      <![CDATA[Hello]]>
    </system-out>
  </testcase> <!-- test1 -->
  <system-out>
    <![CDATA[goodmorning
GoodAfternoon
Good to Go
Hello
goodmorning
GoodAfternoon]]>
  </system-out>
</testsuite> <!-- TestNG_Script1.Script01 -->
