<?xml version="1.0" encoding="UTF-8"?>
<!-- Generated by org.testng.reporters.JUnitReportReporter -->
<testsuite hostname="RAHUL" failures="0" tests="2" name="TestNG_Script1.Script04" time="12.655" errors="0" timestamp="2025-08-10T11:35:36 IST" skipped="0">
  <testcase classname="TestNG_Script1.Script04" name="Openfacebookbrowser" time="4.447"/>
  <testcase classname="TestNG_Script1.Script04" name="Openqspiderbrowser" time="8.208"/>
</testsuite> <!-- TestNG_Script1.Script04 -->
