<?xml version="1.0" encoding="UTF-8"?>
<!-- Generated by org.testng.reporters.JUnitReportReporter -->
<testsuite hostname="RAHUL" failures="0" tests="4" name="DataProivder.DataProviderbetween2calssScript2" time="24.941" errors="0" timestamp="2025-08-10T12:38:20 IST" skipped="0">
  <testcase classname="DataProivder.DataProviderbetween2calssScript2" name="login" time="6.489"/>
  <testcase classname="DataProivder.DataProviderbetween2calssScript2" name="login" time="6.704"/>
  <testcase classname="DataProivder.DataProviderbetween2calssScript2" name="login" time="5.882"/>
  <testcase classname="DataProivder.DataProviderbetween2calssScript2" name="login" time="5.866"/>
</testsuite> <!-- DataProivder.DataProviderbetween2calssScript2 -->
