<?xml version="1.0" encoding="UTF-8"?>
<!-- Generated by org.testng.reporters.JUnitReportReporter -->
<testsuite hostname="RAHUL" failures="0" tests="3" name="TestNG_Script1.Script3" time="0.030" errors="0" timestamp="2025-08-02T11:13:23 IST" skipped="0">
  <testcase classname="TestNG_Script1.Script3" name="t2" time="0.008">
    <system-out>
      <![CDATA[GoodAfternoon]]>
    </system-out>
  </testcase> <!-- t2 -->
  <testcase classname="TestNG_Script1.Script3" name="t3" time="0.009">
    <system-out>
      <![CDATA[Good to Go]]>
    </system-out>
  </testcase> <!-- t3 -->
  <testcase classname="TestNG_Script1.Script3" name="t1" time="0.013">
    <system-out>
      <![CDATA[goodmorning]]>
    </system-out>
  </testcase> <!-- t1 -->
  <system-out>
    <![CDATA[goodmorning
GoodAfternoon
Good to Go
Hello
goodmorning
GoodAfternoon]]>
  </system-out>
</testsuite> <!-- TestNG_Script1.Script3 -->
