<?xml version="1.0" encoding="UTF-8"?>
<!-- Generated by org.testng.reporters.JUnitReportReporter -->
<testsuite hostname="RAHUL" failures="0" tests="5" name="Priority.Script01" time="0.040" errors="0" timestamp="2025-08-03T10:44:25 IST" skipped="0">
  <testcase classname="Priority.Script01" name="signup" time="0.021"/>
  <testcase classname="Priority.Script01" name="login" time="0.004"/>
  <testcase classname="Priority.Script01" name="homepage" time="0.006"/>
  <testcase classname="Priority.Script01" name="profilepage" time="0.003"/>
  <testcase classname="Priority.Script01" name="logout" time="0.006"/>
</testsuite> <!-- Priority.Script01 -->
