<?xml version="1.0" encoding="UTF-8"?>
<!-- Generated by org.testng.reporters.JUnitReportReporter -->
<testsuite hostname="RAHUL" failures="0" tests="5" name="Priority.PriorityScript03" time="0.035" errors="0" timestamp="2025-08-03T11:47:06 IST" skipped="0">
  <testcase classname="Priority.PriorityScript03" name="login" time="0.014"/>
  <testcase classname="Priority.PriorityScript03" name="login" time="0.003"/>
  <testcase classname="Priority.PriorityScript03" name="login" time="0.007"/>
  <testcase classname="Priority.PriorityScript03" name="signup" time="0.003"/>
  <testcase classname="Priority.PriorityScript03" name="signup" time="0.008"/>
</testsuite> <!-- Priority.PriorityScript03 -->
