<?xml version="1.0" encoding="UTF-8"?>
<!-- Generated by org.testng.reporters.JUnitReportReporter -->
<testsuite hostname="RAHUL" failures="0" tests="4" name="Priority.PriorityScript02" time="0.016" errors="0" timestamp="2025-08-03T10:48:58 IST" skipped="2">
  <testcase classname="Priority.PriorityScript02" name="signup" time="0.014"/>
  <testcase classname="Priority.PriorityScript02" name="login" time="0.002"/>
  <testcase classname="Priority.PriorityScript02" name="logout">
    <skipped/>
  </testcase> <!-- logout -->
  <testcase classname="Priority.PriorityScript02" name="profilepage">
    <skipped/>
  </testcase> <!-- profilepage -->
</testsuite> <!-- Priority.PriorityScript02 -->
