<?xml version="1.0" encoding="UTF-8"?>
<!-- Generated by org.testng.reporters.JUnitReportReporter -->
<testsuite hostname="RAHUL" failures="0" tests="4" name="DataProivder.DataProviderScript" time="26.019" errors="0" timestamp="2025-08-10T12:18:09 IST" skipped="0">
  <testcase classname="DataProivder.DataProviderScript" name="login" time="6.758"/>
  <testcase classname="DataProivder.DataProviderScript" name="login" time="6.633"/>
  <testcase classname="DataProivder.DataProviderScript" name="login" time="7.155"/>
  <testcase classname="DataProivder.DataProviderScript" name="login" time="5.473"/>
</testsuite> <!-- DataProivder.DataProviderScript -->
