<?xml version="1.0" encoding="UTF-8"?>
<!-- Generated by org.testng.reporters.JUnitReportReporter -->
<testsuite hostname="RAHUL" failures="0" tests="1" name="HybridApproch.TC01" time="2.580" errors="0" timestamp="2025-08-10T13:20:33 IST" skipped="0">
  <testcase classname="HybridApproch.TC01" name="TC1" time="2.580"/>
</testsuite> <!-- HybridApproch.TC01 -->
