<?xml version="1.0" encoding="UTF-8"?>
<!-- Generated by org.testng.reporters.JUnitReportReporter -->
<testsuite hostname="RAHUL" failures="0" tests="5" name="Priority.PriorityScript01" time="0.037" errors="0" timestamp="2025-08-10T11:54:54 IST" skipped="0">
  <testcase classname="Priority.PriorityScript01" name="signup" time="0.024"/>
  <testcase classname="Priority.PriorityScript01" name="login" time="0.002"/>
  <testcase classname="Priority.PriorityScript01" name="homepage" time="0.003"/>
  <testcase classname="Priority.PriorityScript01" name="profilepage" time="0.005"/>
  <testcase classname="Priority.PriorityScript01" name="logout" time="0.003"/>
</testsuite> <!-- Priority.PriorityScript01 -->
