<?xml version="1.0" encoding="UTF-8"?>
<!-- Generated by org.testng.reporters.JUnitReportReporter -->
<testsuite hostname="RAHUL" failures="0" tests="2" name="TestNG_Script1.Script02" time="0.009" errors="0" timestamp="2025-08-02T11:13:23 IST" skipped="0">
  <testcase classname="TestNG_Script1.Script02" name="t1" time="0.008">
    <system-out>
      <![CDATA[goodmorning]]>
    </system-out>
  </testcase> <!-- t1 -->
  <testcase classname="TestNG_Script1.Script02" name="t2" time="0.001">
    <system-out>
      <![CDATA[GoodAfternoon]]>
    </system-out>
  </testcase> <!-- t2 -->
  <system-out>
    <![CDATA[goodmorning
GoodAfternoon
Good to Go
Hello
goodmorning
GoodAfternoon]]>
  </system-out>
</testsuite> <!-- TestNG_Script1.Script02 -->
