<?xml version="1.0" encoding="UTF-8"?>
<!-- Generated by org.testng.reporters.JUnitReportReporter -->
<testsuite hostname="RAHUL" failures="0" tests="1" name="HybridApproch.TC02" time="1.931" errors="0" timestamp="2025-08-10T13:20:57 IST" skipped="0">
  <testcase classname="HybridApproch.TC02" name="TC2" time="1.931"/>
</testsuite> <!-- HybridApproch.TC02 -->
